1546823150168	mozrunner::runner	INFO	Running command: "C:\\Program Files\\Mozilla Firefox\\firefox.exe" "-marionette" "-foreground" "-no-remote" "-profile" "C:\\Users\\dell\\AppData\\Local\\Temp\\rust_mozprofile.0YHLn351wgRE"
1546823151174	addons.webextension.screenshots@mozilla.org	WARN	Loading extension 'screenshots@mozilla.org': Reading manifest: Invalid host permission: resource://pdf.js/
1546823151175	addons.webextension.screenshots@mozilla.org	WARN	Loading extension 'screenshots@mozilla.org': Reading manifest: Invalid host permission: about:reader*
1546823152547	Marionette	INFO	Listening on port 49523
1546823152957	Marionette	WARN	TLS certificate errors will be ignored for this session
console.error: BroadcastService: 
  receivedBroadcastMessage: handler for
  remote-settings/monitor_changes
  threw error:
  Message: Error: Polling for changes failed: NetworkError when attempting to fetch resource..
  Stack:
    remoteSettingsFunction/remoteSettings.pollChanges@resource://services-settings/remote-settings.js:750:13

[GFX1-]: Receive IPC close with reason=AbnormalShutdown
[GFX1-]: Receive IPC close with reason=AbnormalShutdown

###!!! [Child][MessageChannel] Error: (msgtype=0x510015,name=PLayerTransaction::Msg_ClearCachedResources) Channel error: cannot send/recv


###!!! [Child][MessageChannel] Error: (msgtype=0x830003,name=PTexture::Msg_Destroy) Channel error: cannot send/recv


###!!! [Child][MessageChannel] Error: (msgtype=0x510006,name=PLayerTransaction::Msg_ReleaseCompositable) Channel error: cannot send/recv


###!!! [Child][MessageChannel] Error: (msgtype=0x510005,name=PLayerTransaction::Msg_ReleaseLayer) Channel error: cannot send/recv


###!!! [Child][MessageChannel] Error: (msgtype=0x510005,name=PLayerTransaction::Msg_ReleaseLayer) Channel error: cannot send/recv


###!!! [Child][MessageChannel] Error: (msgtype=0x510005,name=PLayerTransaction::Msg_ReleaseLayer) Channel error: cannot send/recv


###!!! [Child][MessageChannel] Error: (msgtype=0x51001E,name=PLayerTransaction::Msg_Shutdown) Channel error: cannot send/recv


###!!! [Child][MessageChannel::SendAndWait] Error: (msgtype=0x2C0016,name=PCompositorBridge::Msg_WillClose) Channel error: cannot send/recv

 Chrome_ChildThread] WARNING: pipe error: 109: file z:/build/build/src/ipc/chromium/src/chrome/common/ipc_channel_win.cc, line 346
[Child 16696, Chrome_ChildThread] 
###!!! [Child][RunMessage] Error: Channel closing: too late to send/recv, messages will be lost

[GPU 19720, Chrome_C
###!!! [Child][MessageChannel::SendAndWait] Error: Channel error: cannot send/recv

1546823184471	mozrunner::runner	INFO	Running command: "C:\\Program Files\\Mozilla Firefox\\firefox.exe" "-marionette" "-foreground" "-no-remote" "-profile" "C:\\Users\\dell\\AppData\\Local\\Temp\\rust_mozprofile.rSm67ZOk4pJf"
1546823185156	addons.webextension.screenshots@mozilla.org	WARN	Loading extension 'screenshots@mozilla.org': Reading manifest: Invalid host permission: resource://pdf.js/
1546823185156	addons.webextension.screenshots@mozilla.org	WARN	Loading extension 'screenshots@mozilla.org': Reading manifest: Invalid host permission: about:reader*
1546823186442	Marionette	INFO	Listening on port 49643
1546823186602	Marionette	WARN	TLS certificate errors will be ignored for this session
1546823199403	Marionette	INFO	Stopped listening on port 49643
[Parent 22388, Gecko_IOThread] WARNING: pipe error: 109: file z:/build/build/src/ipc/chromium/src/chrome/common/ipc_channel_win.cc, line 346
[Child 23172, Chrome_ChildThread] WARNING: pipe error: 109: file z:/build/build/src/ipc/chromium/src/chrome/common/ipc_channel_win.cc, line 346
[Child 23172, Chrome_ChildThrea[Child 9636, Chrome_ChildThread] WARNING: pipe error: 109: file z:/build/build/src/ipc/chromium/src/chrome/common/ipc_channel_win.cc, line 346
[Child 9636, Chro[Parent 22388, Gecko_IOThread] WARNING: pipe error: 109: file z:/build/build/src/ipc/chromium/src/chrome/common/ipc_channel_win.cc, line 346

###!!! [Child][MessageChannel::SendAndWait] Error: Channel error: cannot send/recv

1546823203974	mozrunner::runner	INFO	Running command: "C:\\Program Files\\Mozilla Firefox\\firefox.exe" "-marionette" "-foreground" "-no-remote" "-profile" "C:\\Users\\dell\\AppData\\Local\\Temp\\rust_mozprofile.cyllAkWZIkx8"
1546823204668	addons.webextension.screenshots@mozilla.org	WARN	Loading extension 'screenshots@mozilla.org': Reading manifest: Invalid host permission: resource://pdf.js/
1546823204668	addons.webextension.screenshots@mozilla.org	WARN	Loading extension 'screenshots@mozilla.org': Reading manifest: Invalid host permission: about:reader*
1546823205882	Marionette	INFO	Listening on port 49728
1546823206113	Marionette	WARN	TLS certificate errors will be ignored for this session
1546823207970	Marionette	INFO	Stopped listening on port 49728
[Child 252, Chrome_ChildThread] WARNING: pipe error: 109: file z:/build/build/src/ipc/chromium/src/chrome/common/ipc_channel_win.cc, line 346
[Child 252, Chrome_C[Parent 11336, Gecko_IOThread] WARNING: pipe error: 109: file z:/build/build/src/ipc/chromium/src/chrome/common/ipc_channel_win.cc, line 346
[Child 21404, Chrome_ChildThread] WARNING: pipe error: 109: file z:/build/build/src/ipc/chromium/src/chrome/common/ipc_channel_win.cc, line 346
[Child 21404, Chrome[Child 6180, Chrome_ChildThread] WARNING: pipe error: 109: file z:/build/build/src/ipc/chromium/src/chrome/common/ipc_channel_win.cc, line 346
[Child 6180, Chro[G
###!!! [Child][MessageChannel::SendAndWait] Error: Channel error: cannot send/recv

1546823212174	mozrunner::runner	INFO	Running command: "C:\\Program Files\\Mozilla Firefox\\firefox.exe" "-marionette" "-foreground" "-no-remote" "-profile" "C:\\Users\\dell\\AppData\\Local\\Temp\\rust_mozprofile.qBgGf3ky5cRe"
1546823212853	addons.webextension.screenshots@mozilla.org	WARN	Loading extension 'screenshots@mozilla.org': Reading manifest: Invalid host permission: resource://pdf.js/
1546823212853	addons.webextension.screenshots@mozilla.org	WARN	Loading extension 'screenshots@mozilla.org': Reading manifest: Invalid host permission: about:reader*
1546823214131	Marionette	INFO	Listening on port 49781
1546823214309	Marionette	WARN	TLS certificate errors will be ignored for this session
1546823225936	Marionette	INFO	Stopped listening on port 49781
[Parent 11716, Gecko_IOThread] WARNING: pipe error: 109: file z:/build/build/src/ipc/chromium/src/chrome/common/ipc_channel_win.cc, line 346
[Child 15868, Chrome_ChildThread] WARNING: pipe error: 109: file z:/build/build/src/ipc/chromium/src/chrome/common/ipc_channel_win.cc, line 346
[Child 15868, Chrome[Child 11548, Chrome_ChildThread] WARNING: pipe error: 109: file z:/build/build/src/ipc/chromium/src/chrome/common/ipc_channel_win.cc, line 346
[Child 11548, Chrome_ChildThread[GPU 17088, Chrome_
###!!! [Child][RunMessage] Error: Channel closing: too late to send/recv, messages will be lost

C
###!!! [Child][MessageChannel::SendAndWait] Error: Channel error: cannot send/recv

1546823230566	mozrunner::runner	INFO	Running command: "C:\\Program Files\\Mozilla Firefox\\firefox.exe" "-marionette" "-foreground" "-no-remote" "-profile" "C:\\Users\\dell\\AppData\\Local\\Temp\\rust_mozprofile.6LLTLsZ6EG3y"
1546823231243	addons.webextension.screenshots@mozilla.org	WARN	Loading extension 'screenshots@mozilla.org': Reading manifest: Invalid host permission: resource://pdf.js/
1546823231243	addons.webextension.screenshots@mozilla.org	WARN	Loading extension 'screenshots@mozilla.org': Reading manifest: Invalid host permission: about:reader*
1546823232445	Marionette	INFO	Listening on port 49846
1546823232702	Marionette	WARN	TLS certificate errors will be ignored for this session
1546823234875	Marionette	INFO	Stopped listening on port 49846
[Parent 12296, Gecko_IOThread] WARNING: pipe error: 109: file z:/build/build/src/ipc/chromium/src/chrome/common/ipc_channel_win.cc, line 346
[Child 5984, Chrome_ChildThread] WARNING: pipe error: 109: file z:/build/build/src/ipc/chromium/src/chrome/common/ipc_channel_win.cc, line 346
[Child 5984, Chrome_ChildThread] WARNI[Child 22512, Chrome_ChildThread] WARNING: pipe error: 232: file z:/build/build/src/ipc/chromium/src/chrome/common/ipc_channel_win.cc, line 513
[Child 22512, Chrome_ChildThread] WARNING: pipe error: 109: file z:/build/build/src/ipc/chromium/src/chrome/common/ipc_channel_win.cc, line 346
[Child 22512, Chrome_[Parent 12296, Gecko_IOThread] WARNING: pipe error: 109: file z:/build/build/src/ipc/chromium/src/chrome/common/ipc_channel_win.cc, line 346
[Child 23600, Chrome_ChildThread] WARNING: pipe error: 109: file z:/build/build/src/ipc/chromium/src/chrome/common/ipc_channel_win.cc, line 346
[Child 23600, Chrome_ChildTh[GPU
###!!! [Child][RunMessage] Error: Channel closing: too late to send/recv, messages will be lost

 20624, Chrome_Ch
###!!! [Child][MessageChannel::SendAndWait] Error: Channel error: cannot send/recv

1546823239035	mozrunner::runner	INFO	Running command: "C:\\Program Files\\Mozilla Firefox\\firefox.exe" "-marionette" "-foreground" "-no-remote" "-profile" "C:\\Users\\dell\\AppData\\Local\\Temp\\rust_mozprofile.7cyiTbkoAwRr"
1546823239698	addons.webextension.screenshots@mozilla.org	WARN	Loading extension 'screenshots@mozilla.org': Reading manifest: Invalid host permission: resource://pdf.js/
1546823239699	addons.webextension.screenshots@mozilla.org	WARN	Loading extension 'screenshots@mozilla.org': Reading manifest: Invalid host permission: about:reader*
1546823240950	Marionette	INFO	Listening on port 49926
1546823241169	Marionette	WARN	TLS certificate errors will be ignored for this session
1546823257683	Marionette	INFO	Stopped listening on port 49926
[Parent 25964, Gecko_IOThread] WARNING: pipe error: 109: file z:/build/build/src/ipc/chromium/src/chrome/common/ipc_channel_win.cc, line 346
[Child 6828, Chrome_ChildThread] WARNING: pipe error: 109: file z:/build/build/src/ipc/chromium/src/chrome/common/ipc_channel_win.cc, line 346
[Child 6828, Chrome_Chi[Parent 25964, Gecko_IOThread] WARNING: pipe error: 109: file z:/build/build/src/ipc/chromium/src/chrome/common/ipc_channel_win.cc, line 346
[Child 5944, Chrome_ChildThread] WARNING: pipe error: 109: file z:/build/build/src/ipc/chromium/src/chrome/common/ipc_channel_win.cc, line 346
[Child 5944, Chrome_[Child 13060, Chrome_ChildThread] WARNING: pipe error: 109: file z:/build/build/src/ipc/chromium/src/chrome/common/ipc_channel_win.cc, line 346
[Child 13060[GPU 15812, Chr
###!!! [Child][MessageChannel::SendAndWait] Error: Channel error: cannot send/recv

1546823262447	mozrunner::runner	INFO	Running command: "C:\\Program Files\\Mozilla Firefox\\firefox.exe" "-marionette" "-foreground" "-no-remote" "-profile" "C:\\Users\\dell\\AppData\\Local\\Temp\\rust_mozprofile.dWnuSMGIkFfm"
1546823263111	addons.webextension.screenshots@mozilla.org	WARN	Loading extension 'screenshots@mozilla.org': Reading manifest: Invalid host permission: resource://pdf.js/
1546823263111	addons.webextension.screenshots@mozilla.org	WARN	Loading extension 'screenshots@mozilla.org': Reading manifest: Invalid host permission: about:reader*
1546823264400	Marionette	INFO	Listening on port 50000
1546823264578	Marionette	WARN	TLS certificate errors will be ignored for this session
1546823280439	Marionette	INFO	Stopped listening on port 50000
[Child 7280, Chrome_ChildThread] WARNING: pipe error: 109: file z:/build/build/src/ipc/chromium/src/chrome/common/ipc_channel_win.cc, line 346
[Child 7280, [Child 18268, Chrome_ChildThread] WARNING: pipe error: 109: file z:/build/build/src/ipc/chromium/src/chrome/common/ipc_channel_win.cc, line 346
[Child 18268, Chrome_ChildTh[Parent 22020, Gecko_IOThread] WARNING: pipe error: 109: file z:/build/build/src/ipc/chromium/src/chrome/common/ipc_channel_win.cc, line 346
[Child 13792, Chrome_ChildThread] WARNING: pipe error: 109: file z:/build/build/src/ipc/chromium/src/chrome/common/ipc_channel_win.cc, line 346
[Child 13792[
###!!! [Child][MessageChannel::SendAndWait] Error: Channel error: cannot send/recv

1546823285479	mozrunner::runner	INFO	Running command: "C:\\Program Files\\Mozilla Firefox\\firefox.exe" "-marionette" "-foreground" "-no-remote" "-profile" "C:\\Users\\dell\\AppData\\Local\\Temp\\rust_mozprofile.jvb1HCCzcORy"
1546823286391	addons.webextension.screenshots@mozilla.org	WARN	Loading extension 'screenshots@mozilla.org': Reading manifest: Invalid host permission: resource://pdf.js/
1546823286391	addons.webextension.screenshots@mozilla.org	WARN	Loading extension 'screenshots@mozilla.org': Reading manifest: Invalid host permission: about:reader*
1546823288076	Marionette	INFO	Listening on port 50064
1546823288363	Marionette	WARN	TLS certificate errors will be ignored for this session
1546823291310	Marionette	INFO	Stopped listening on port 50064
IPDL protocol error: Handler returned error code!

###!!! [Parent][DispatchAsyncMessage] Error: PLayerTransaction::Msg_ReleaseLayer Processing error: message was deserialized, but the handler returned false (indicating failure)

IPDL protocol error: Handler returned error code!

###!!! [Parent][DispatchAsyncMessage] Error: PLayerTransaction::Msg_ReleaseLayer Processing error: message was deserialized, but the handler returned false (indicating failure)

IPDL protocol error: Handler returned error code!

###!!! [Parent][DispatchAsyncMessage] Error: PLayerTransaction::Msg_ReleaseLayer Processing error: message was deserialized, but the handler returned false (indicating failure)

IPDL protocol error: Handler returned error code!

###!!! [Parent][DispatchAsyncMessage] Error: PLayerTransaction::Msg_ReleaseLayer Processing error: message was deserialized, but the handler returned false (indicating failure)

IPDL protocol error: Handler returned error code!

###!!! [Parent][DispatchAsyncMessage] Error: PLayerTransaction::Msg_ReleaseLayer Processing error: message was deserialized, but the handler returned false (indicating failure)

IPDL protocol error: Handler returned error code!

###!!! [Parent][DispatchAsyncMessage] Error: PLayerTransaction::Msg_ReleaseLayer Processing error: message was deserialized, but the handler returned false (indicating failure)

IPDL protocol error: Handler returned error code!

###!!! [Parent][DispatchAsyncMessage] Error: PLayerTransaction::Msg_ReleaseLayer Processing error: message was deserialized, but the handler returned false (indicating failure)

IPDL protocol error: Handler returned error code!

###!!! [Parent][DispatchAsyncMessage] Error: PLayerTransaction::Msg_ReleaseLayer Processing error: message was deserialized, but the handler returned false (indicating failure)

IPDL protocol error: Handler returned error code!

###!!! [Parent][DispatchAsyncMessage] Error: PLayerTransaction::Msg_ReleaseLayer Processing error: message was deserialized, but the handler returned false (indicating failure)

IPDL protocol error: Handler returned error code!

###!!! [Parent][DispatchAsyncMessage] Error: PLayerTransaction::Msg_ReleaseLayer Processing error: message was deserialized, but the handler returned false (indicating failure)

IPDL protocol error: Handler returned error code!

###!!! [Parent][DispatchAsyncMessage] Error: PLayerTransaction::Msg_ReleaseLayer Processing error: message was deserialized, but the handler returned false (indicating failure)

IPDL protocol error: Handler returned error code!

###!!! [Parent][DispatchAsyncMessage] Error: PLayerTransaction::Msg_ReleaseLayer Processing error: message was deserialized, but the handler returned false (indicating failure)

IPDL protocol error: Handler returned error code!

###!!! [Parent][DispatchAsyncMessage] Error: PLayerTransaction::Msg_ReleaseLayer Processing error: message was deserialized, but the handler returned false (indicating failure)

IPDL protocol error: Handler returned error code!

###!!! [Parent][DispatchAsyncMessage] Error: PLayerTransaction::Msg_ReleaseLayer Processing error: message was deserialized, but the handler returned false (indicating failure)

[Child 23752, Chrome_ChildThread] WARNING: pipe error: 109: file z:/build/build/src/ipc/chromium/src/chrome/common/ipc_channel_win.cc, line 346
[Child 23752, Ch[GPU 25424
###!!! [Child][RunMessage] Error: Channel closing: too late to send/recv, messages will be lost


###!!! [Child][MessageChannel::SendAndWait] Error: Channel error: cannot send/recv

1546823295712	mozrunner::runner	INFO	Running command: "C:\\Program Files\\Mozilla Firefox\\firefox.exe" "-marionette" "-foreground" "-no-remote" "-profile" "C:\\Users\\dell\\AppData\\Local\\Temp\\rust_mozprofile.AFjZfkV7s446"
1546823296363	addons.webextension.screenshots@mozilla.org	WARN	Loading extension 'screenshots@mozilla.org': Reading manifest: Invalid host permission: resource://pdf.js/
1546823296363	addons.webextension.screenshots@mozilla.org	WARN	Loading extension 'screenshots@mozilla.org': Reading manifest: Invalid host permission: about:reader*
1546823297638	Marionette	INFO	Listening on port 50121
1546823297844	Marionette	WARN	TLS certificate errors will be ignored for this session
1546823311801	Marionette	INFO	Stopped listening on port 50121
[Child 17836, Chrome_ChildThread] WARNING: pipe error: 109: file z:/build/build/src/ipc/chromium/src/chrome/common/ipc_channel_win.cc, line 346
[Child 17836,[Child 17596, Chrome_ChildThread] WARNING: pipe error: 109: file z:/build/build/src/ipc/chromium/src/chrome/common/ipc_channel_win.cc, line 346
[Child 17596, C[Parent 5100, Gecko_IOThread] WARNING: pipe error: 109: file z:/build/build/src/ipc/chromium/src/chrome/common/ipc_channel_win.cc, line 346
[Child 6532, Chrome_ChildThread] WARNING: pipe error: 109: file z:/build/build/src/ipc/chromium/src/chrome/common/ipc_channel_win.cc, line 346
[Child 6532, Chr[GPU
###!!! [Child][RunMessage] Error: Channel closing: too late to send/recv, messages will be lost

 261
###!!! [Child][MessageChannel::SendAndWait] Error: Channel error: cannot send/recv

1546823316248	mozrunner::runner	INFO	Running command: "C:\\Program Files\\Mozilla Firefox\\firefox.exe" "-marionette" "-foreground" "-no-remote" "-profile" "C:\\Users\\dell\\AppData\\Local\\Temp\\rust_mozprofile.BSKoTKjnswuD"
1546823316889	addons.webextension.screenshots@mozilla.org	WARN	Loading extension 'screenshots@mozilla.org': Reading manifest: Invalid host permission: resource://pdf.js/
1546823316889	addons.webextension.screenshots@mozilla.org	WARN	Loading extension 'screenshots@mozilla.org': Reading manifest: Invalid host permission: about:reader*
1546823318058	Marionette	INFO	Listening on port 50197
1546823318379	Marionette	WARN	TLS certificate errors will be ignored for this session
1546823322241	Marionette	INFO	Stopped listening on port 50197
[Child 11320, Chrome_ChildThread] WARNING: pipe error: 109: file z:/build/build/src/ipc/chromium/src/chrome/common/ipc_channel_win.cc, line 346
[Child 11320, Chrom[Child 21712, Chrome_ChildThread] WARNING: pipe error: 109: file z:/build/build/src/ipc/chromium/src/chrome/common/ipc_channel_win.cc, line 346
[Child 21712, Chrome_ChildThread] WAR[Child 8144, Chrome_ChildThread] WARNING: pipe error: 109: file z:/build/build/src/ipc/chromium/src/chrome/common/ipc_channel_win.cc, line 346
[Child 8144, C[GPU 25996, Chrome_Chi
###!!! [Child][RunMessage] Error: Channel closing: too late to send/recv, messages will be lost


###!!! [Child][MessageChannel::SendAndWait] Error: Channel error: cannot send/recv

1546823326478	mozrunner::runner	INFO	Running command: "C:\\Program Files\\Mozilla Firefox\\firefox.exe" "-marionette" "-foreground" "-no-remote" "-profile" "C:\\Users\\dell\\AppData\\Local\\Temp\\rust_mozprofile.cChL3UW95p75"
1546823327120	addons.webextension.screenshots@mozilla.org	WARN	Loading extension 'screenshots@mozilla.org': Reading manifest: Invalid host permission: resource://pdf.js/
1546823327120	addons.webextension.screenshots@mozilla.org	WARN	Loading extension 'screenshots@mozilla.org': Reading manifest: Invalid host permission: about:reader*
1546823328384	Marionette	INFO	Listening on port 50274
1546823328610	Marionette	WARN	TLS certificate errors will be ignored for this session
1546823331391	Marionette	INFO	Stopped listening on port 50274
[Parent 3160, Gecko_IOThread] WARNING: pipe error: 109: file z:/build/build/src/ipc/chromium/src/chrome/common/ipc_channel_win.cc, line 346
[Child 6908, Chrome_ChildThread] WARNING: pipe error: 109: file z:/build/build/src/ipc/chromium/src/chrome/common/ipc_channel_win.cc, line 346
[Child 6908, Chr[Parent 3160, Gecko_IOThread] WARNING: pipe error: 109: file z:/build/build/src/ipc/chromium/src/chrome/common/ipc_channel_win.cc, line 346
[Child 1884, Chrome_ChildThread] WARNING: pipe error: 109: file z:/build/build/src/ipc/chromium/src/chrome/common/ipc_channel_win.cc, line 346
[Child 1884, Chrome_Chi[Parent 3160, Gecko_IOThread] WARNING: pipe error: 109: file z:/build/build/src/ipc/chromium/src/chrome/common/ipc_channel_win.cc, line 346
[Child 4596, Chrome_ChildThread] WARNING: pipe error: 109: file z:/build/build/src/ipc/chromium/src/chrome/common/ipc_channel_win.cc, line 346
[Child 4596, Ch[GPU 4468, Chrome_ChildThread] W
###!!! [Child][MessageChannel::SendAndWait] Error: Channel error: cannot send/recv

1546823335484	mozrunner::runner	INFO	Running command: "C:\\Program Files\\Mozilla Firefox\\firefox.exe" "-marionette" "-foreground" "-no-remote" "-profile" "C:\\Users\\dell\\AppData\\Local\\Temp\\rust_mozprofile.riKEtEVnaHNL"
1546823336128	addons.webextension.screenshots@mozilla.org	WARN	Loading extension 'screenshots@mozilla.org': Reading manifest: Invalid host permission: resource://pdf.js/
1546823336128	addons.webextension.screenshots@mozilla.org	WARN	Loading extension 'screenshots@mozilla.org': Reading manifest: Invalid host permission: about:reader*
1546823337386	Marionette	INFO	Listening on port 50331
1546823337612	Marionette	WARN	TLS certificate errors will be ignored for this session
1546823339654	Marionette	INFO	Stopped listening on port 50331
[Child 11560, Chrome_ChildThread] WARNING: pipe error: 109: file z:/build/build/src/ipc/chromium/src/chrome/common/ipc_channel_win.cc, line 346
[Child 11560, Chro[Parent 14700, Gecko_IOThread] WARNING: pipe error: 109: file z:/build/build/src/ipc/chromium/src/chrome/common/ipc_channel_win.cc, line 346
[Child 13028, Chrome_ChildThread] WARNING: pipe error: 109: file z:/build/build/src/ipc/chromium/src/chrome/common/ipc_channel_win.cc, line 346
[Child 13028, Chrome_ChildThread] WARNING: p[Parent 14700, Gecko_IOThread] WARNING: pipe error: 109: file z:/build/build/src/ipc/chromium/src/chrome/common/ipc_channel_win.cc, line 346
[Child 20240, Chrome_ChildThread] WARNING: pipe error: 109: file z:/build/build/src/ipc/chromium/src/chrome/common/ipc_channel_win.cc, line 346
[Child 20240, ChJavaScript error: resource://gre/modules/IndexedDB.jsm, line 349: UnknownError: The operation failed for reasons unrelated to the database itself and not covered by any other error code.
JavaScript error: resource://gre/modules/Sqlite.jsm, line 841: Error: Connection is not open.
[GPU 1
###!!! [Child][RunMessage] Error: Channel closing: too late to send/recv, messages will be lost

3204
###!!! [Child][MessageChannel::SendAndWait] Error: Channel error: cannot send/recv

1546823343538	mozrunner::runner	INFO	Running command: "C:\\Program Files\\Mozilla Firefox\\firefox.exe" "-marionette" "-foreground" "-no-remote" "-profile" "C:\\Users\\dell\\AppData\\Local\\Temp\\rust_mozprofile.Mo7YH42VwATF"
1546823344202	addons.webextension.screenshots@mozilla.org	WARN	Loading extension 'screenshots@mozilla.org': Reading manifest: Invalid host permission: resource://pdf.js/
1546823344202	addons.webextension.screenshots@mozilla.org	WARN	Loading extension 'screenshots@mozilla.org': Reading manifest: Invalid host permission: about:reader*
1546823345454	Marionette	INFO	Listening on port 50384
1546823345670	Marionette	WARN	TLS certificate errors will be ignored for this session
1546823357506	Marionette	INFO	Stopped listening on port 50384
[Child 8728, Chrome_ChildThread] WARNING: pipe error: 109: file z:/build/build/src/ipc/chromium/src/chrome/common/ipc_channel_win.cc, line 346
[Child 8728, Chrome_ChildTIPDL protocol error: Handler returned error code!

###!!! [Parent][DispatchAsyncMessage] Error: PLayerTransaction::Msg_ReleaseLayer Processing error: message was deserialized, but the handler returned false (indicating failure)

IPDL protocol error: Handler returned error code!

###!!! [Parent][DispatchAsyncMessage] Error: PLayerTransaction::Msg_ReleaseLayer Processing error: message was deserialized, but the handler returned false (indicating failure)

IPDL protocol error: Handler returned error code!

###!!! [Parent][DispatchAsyncMessage] Error: PLayerTransaction::Msg_ReleaseLayer Processing error: message was deserialized, but the handler returned false (indicating failure)

IPDL protocol error: Handler returned error code!

###!!! [Parent][DispatchAsyncMessage] Error: PLayerTransaction::Msg_ReleaseLayer Processing error: message was deserialized, but the handler returned false (indicating failure)

IPDL protocol error: Handler returned error code!

###!!! [Parent][DispatchAsyncMessage] Error: PLayerTransaction::Msg_ReleaseLayer Processing error: message was deserialized, but the handler returned false (indicating failure)

IPDL protocol error: Handler returned error code!

###!!! [Parent][DispatchAsyncMessage] Error: PLayerTransaction::Msg_ReleaseLayer Processing error: message was deserialized, but the handler returned false (indicating failure)

IPDL protocol error: Handler returned error code!

###!!! [Parent][DispatchAsyncMessage] Error: PLayerTransaction::Msg_ReleaseLayer Processing error: message was deserialized, but the handler returned false (indicating failure)

IPDL protocol error: Handler returned error code!

###!!! [Parent][DispatchAsyncMessage] Error: PLayerTransaction::Msg_ReleaseLayer Processing error: message was deserialized, but the handler returned false (indicating failure)

IPDL protocol error: Handler returned error code!

###!!! [Parent][DispatchAsyncMessage] Error: PLayerTransaction::Msg_ReleaseLayer Processing error: message was deserialized, but the handler returned false (indicating failure)

IPDL protocol error: Handler returned error code!

###!!! [Parent][DispatchAsyncMessage] Error: PLayerTransaction::Msg_ReleaseLayer Processing error: message was deserialized, but the handler returned false (indicating failure)

IPDL protocol error: Handler returned error code!

###!!! [Parent][DispatchAsyncMessage] Error: PLayerTransaction::Msg_ReleaseLayer Processing error: message was deserialized, but the handler returned false (indicating failure)

IPDL protocol error: Handler returned error code!

###!!! [Parent][DispatchAsyncMessage] Error: PLayerTransaction::Msg_ReleaseLayer Processing error: message was deserialized, but the handler returned false (indicating failure)

IPDL protocol error: Handler returned error code!

###!!! [Parent][DispatchAsyncMessage] Error: PLayerTransaction::Msg_ReleaseLayer Processing error: message was deserialized, but the handler returned false (indicating failure)

IPDL protocol error: Handler returned error code!

###!!! [Parent][DispatchAsyncMessage] Error: PLayerTransaction::Msg_ReleaseLayer Processing error: message was deserialized, but the handler returned false (indicating failure)

[Parent 26224, Gecko_IOThread] WARNING: pipe error: 109: file z:/build/build/src/ipc/chromium/src/chrome/common/ipc_channel_win.cc, line 346
[Child 25672, Chrome_ChildThread] WARNING: pipe error: 109: file z:/build/build/src/ipc/chromium/src/chrome/common/ipc_channel_win.cc, line 346
[Child 25672, Chrome_ChildTh[Child 19832, Chrome_ChildThread] WARNING: pipe error: 109: file z:/build/build/src/ipc/chromium/src/chrome/common/ipc_channel_win.cc, line 346
[Child 19832, C[GPU
###!!! [Child][RunMessage] Error: Channel closing: too late to send/recv, messages will be lost


###!!! [Child][MessageChannel::SendAndWait] Error: Channel error: cannot send/recv

1546823362120	mozrunner::runner	INFO	Running command: "C:\\Program Files\\Mozilla Firefox\\firefox.exe" "-marionette" "-foreground" "-no-remote" "-profile" "C:\\Users\\dell\\AppData\\Local\\Temp\\rust_mozprofile.BtRXHd1YkOMC"
1546823362793	addons.webextension.screenshots@mozilla.org	WARN	Loading extension 'screenshots@mozilla.org': Reading manifest: Invalid host permission: resource://pdf.js/
1546823362793	addons.webextension.screenshots@mozilla.org	WARN	Loading extension 'screenshots@mozilla.org': Reading manifest: Invalid host permission: about:reader*
1546823364037	Marionette	INFO	Listening on port 50447
1546823364248	Marionette	WARN	TLS certificate errors will be ignored for this session
1546823366721	Marionette	INFO	Stopped listening on port 50447
[Parent 14812, Gecko_IOThread] WARNING: pipe error: 109: file z:/build/build/src/ipc/chromium/src/chrome/common/ipc_channel_win.cc, line 346
[Child 12412, Chrome_ChildThread] WARNING: pipe error: 109: file z:/build/build/src/ipc/chromium/src/chrome/common/ipc_channel_win.cc, line 346
[Child 12412, Chrome_ChildThread] WARNIN[Parent 14812, Gecko_IOThread] WARNING: pipe error: 109: file z:/build/build/src/ipc/chromium/src/chrome/common/ipc_channel_win.cc, line 346
[Child 25056, Chrome_ChildThread] WARNING: pipe error: 109: file z:/build/build/src/ipc/chromium/src/chrome/common/ipc_channel_win.cc, line 346
[Child 25056, Chrome_[Parent 14812, Gecko_IOThread] WARNING: pipe error: 109: file z:/build/build/src/ipc/chromium/src/chrome/common/ipc_channel_win.cc, line 346
[Child 13940, Chrome_ChildThread] WARNING: pipe error: 109: file z:/build/build/src/ipc/chromium/src/chrome/common/ipc_channel_win.cc, line 346
[Child 13940, ChrJavaScript error: resource://gre/modules/IndexedDB.jsm, line 349: UnknownError: The operation failed for reasons unrelated to the database itself and not covered by any other error code.
JavaScript error: resource://gre/modules/Sqlite.jsm, line 841: Error: Connection is not open.
[GPU
###!!! [Child][RunMessage] Error: Channel closing: too late to send/recv, messages will be lost

 
###!!! [Child][MessageChannel::SendAndWait] Error: Channel error: cannot send/recv

1546823371242	mozrunner::runner	INFO	Running command: "C:\\Program Files\\Mozilla Firefox\\firefox.exe" "-marionette" "-foreground" "-no-remote" "-profile" "C:\\Users\\dell\\AppData\\Local\\Temp\\rust_mozprofile.hP3Vp9FyCfAD"
1546823372169	addons.webextension.screenshots@mozilla.org	WARN	Loading extension 'screenshots@mozilla.org': Reading manifest: Invalid host permission: resource://pdf.js/
1546823372169	addons.webextension.screenshots@mozilla.org	WARN	Loading extension 'screenshots@mozilla.org': Reading manifest: Invalid host permission: about:reader*
1546823373778	Marionette	INFO	Listening on port 50504
1546823373977	Marionette	WARN	TLS certificate errors will be ignored for this session
[Parent 1644, Gecko_IOThread] WARNING: pipe error: 109: file z:/build/build/src/ipc/chromium/src/chrome/common/ipc_channel_win.cc, line 346
[Child 16712, Chrome_ChildThread] WARNING: pipe error: 109: file z:/build/build/src/ipc/chromium/src/chrome/common/ipc_channel_win.cc, line 346
[Child 16712, Chrome_ChildThread] WARNING: pipe error: 109: file z:/build/[Parent 1644, Gecko_IOThread] WARNING: pipe error: 109: file z:/build/build/src/ipc/chromium/src/chrome/common/ipc_channel_win.cc, line 346
[Child 20900, Chrome_ChildThread] WARNING: pipe error: 109: file z:/build/build/src/ipc/chromium/src/chrome/common/ipc_channel_win.cc, line 346
[Child 20900, Chrome[Parent 1644, Gecko_IOThread] WARNING: pipe error: 109: file z:/build/build/src/ipc/chromium/src/chrome/common/ipc_channel_win.cc, line 346
[Child 11824, Chrome_ChildThread] WARNING: pipe error: 109: file z:/build/build/src/ipc/chromium/src/chrome/common/ipc_channel_win.cc, line 346
1546828191362	Marionette	INFO	Stopped listening on port 50504
[GPU 24688, Chrome_ChildThread] WARNING: pipe error: 109: file z:/build/build/src/ipc/chromium/src/chrome/common/ipc_channel_win.cc, line 346

###!!! [Child][MessageChannel::SendAndWait] Error: Channel error: cannot send/recv

me_ChildThread] WARNING: pipe error: 109: file z:/build/build/src/ipc/chromium/src/chrome/common/ipc_channel_win.cc, line 346
[Child 8936, Chrome_ChildThread] WARN[GPU
###!!! [Child][RunMessage] Error: Channel closing: too late to send/recv, messages will be lost

 17980, Chrome
###!!! [Child][MessageChannel::SendAndWait] Error: Channel error: cannot send/recv

1546823707542	mozrunner::runner	INFO	Running command: "C:\\Program Files\\Mozilla Firefox\\firefox.exe" "-marionette" "-foreground" "-no-remote" "-profile" "C:\\Users\\dell\\AppData\\Local\\Temp\\rust_mozprofile.Sxz07NnZ0rSv"
1546823708158	addons.webextension.screenshots@mozilla.org	WARN	Loading extension 'screenshots@mozilla.org': Reading manifest: Invalid host permission: resource://pdf.js/
1546823708158	addons.webextension.screenshots@mozilla.org	WARN	Loading extension 'screenshots@mozilla.org': Reading manifest: Invalid host permission: about:reader*
1546823709293	Marionette	INFO	Listening on port 50838
1546823709674	Marionette	WARN	TLS certificate errors will be ignored for this session
1546823712468	Marionette	INFO	Stopped listening on port 50838
[Child 20360, Chrome_ChildThread] WARNING: pipe error: 109: file z:/build/build/src/ipc/chromium/src/chrome/common/ipc_channel_win.cc, line 346
[Child 20360, Chrome_ChildThread][Child 19724, Chrome_ChildThread] WARNING: pipe error: 109: file z:/build/build/src/ipc/chromium/src/chrome/common/ipc_channel_win.cc, line 346
[Child 19724, Chrome_[Child 6660, Chrome_ChildThread] WARNING: pipe error: 109: file z:/build/build/src/ipc/chromium/src/chrome/common/ipc_channel_win.cc, line 346
[Child 6660, Chr[GPU 1
###!!! [Child][RunMessage] Error: Channel closing: too late to send/recv, messages will be lost

5
###!!! [Child][MessageChannel::SendAndWait] Error: Channel error: cannot send/recv

1546823716502	mozrunner::runner	INFO	Running command: "C:\\Program Files\\Mozilla Firefox\\firefox.exe" "-marionette" "-foreground" "-no-remote" "-profile" "C:\\Users\\dell\\AppData\\Local\\Temp\\rust_mozprofile.hpqSB3BkaoRj"
1546823717113	addons.webextension.screenshots@mozilla.org	WARN	Loading extension 'screenshots@mozilla.org': Reading manifest: Invalid host permission: resource://pdf.js/
1546823717114	addons.webextension.screenshots@mozilla.org	WARN	Loading extension 'screenshots@mozilla.org': Reading manifest: Invalid host permission: about:reader*
1546823718292	Marionette	INFO	Listening on port 50913
1546823718630	Marionette	WARN	TLS certificate errors will be ignored for this session
1546823734805	Marionette	INFO	Stopped listening on port 50913
[Child 8704, Chrome_ChildThread] WARNING: pipe error: 109: file z:/build/build/src/ipc/chromium/src/chrome/common/ipc_channel_win.cc, line 346
[Child 8704, Chro[Parent 16740, Gecko_IOThread] WARNING: pipe error: 109: file z:/build/build/src/ipc/chromium/src/chrome/common/ipc_channel_win.cc, line 346
[Child 1108, Chrome_ChildThread] WARNING: pipe error: 109: file z:/build/build/src/ipc/chromium/src/chrome/common/ipc_channel_win.cc, line 346
[Child 1108, Chrome_Child
###!!! [Child][MessageChannel::SendAndWait] Error: Channel error: cannot send/recv

1546823739440	mozrunner::runner	INFO	Running command: "C:\\Program Files\\Mozilla Firefox\\firefox.exe" "-marionette" "-foreground" "-no-remote" "-profile" "C:\\Users\\dell\\AppData\\Local\\Temp\\rust_mozprofile.FItwJXcRQC0y"
1546823740060	addons.webextension.screenshots@mozilla.org	WARN	Loading extension 'screenshots@mozilla.org': Reading manifest: Invalid host permission: resource://pdf.js/
1546823740060	addons.webextension.screenshots@mozilla.org	WARN	Loading extension 'screenshots@mozilla.org': Reading manifest: Invalid host permission: about:reader*
1546823741225	Marionette	INFO	Listening on port 50982
1546823741578	Marionette	WARN	TLS certificate errors will be ignored for this session
1546823761662	Marionette	INFO	Stopped listening on port 50982
[Child 9488, Chrome_ChildThread] WARNING: pipe error: 109: file z:/build/build/src/ipc/chromium/src/chrome/common/ipc_channel_win.cc, line 346
[Child 9488, C[Parent 26016, Gecko_IOThread] WARNING: pipe error: 109: file z:/build/build/src/ipc/chromium/src/chrome/common/ipc_channel_win.cc, line 346
[Child 21908, Chrome_ChildThread] WARNING: pipe error: 109: file z:/build/build/src/ipc/chromium/src/chrome/common/ipc_channel_win.cc, line 346
[Child 21908, Chrome_ChildThre[Parent 26016, Gecko_IOThread] WARNING: pipe error: 109: file z:/build/build/src/ipc/chromium/src/chrome/common/ipc_channel_win.cc, line 346
[Child 23180, Chrome_ChildThread] WARNING: pipe error: 109: file z:/build/build/src/ipc/chromium/src/chrome/common/ipc_channel_win.cc, line 346
[Child 23180[GPU 10164,
###!!! [Child][RunMessage] Error: Channel closing: too late to send/recv, messages will be lost

 
###!!! [Child][MessageChannel::SendAndWait] Error: Channel error: cannot send/recv

1546823766885	mozrunner::runner	INFO	Running command: "C:\\Program Files\\Mozilla Firefox\\firefox.exe" "-marionette" "-foreground" "-no-remote" "-profile" "C:\\Users\\dell\\AppData\\Local\\Temp\\rust_mozprofile.6KkxtPhb4Ylt"
1546823767495	addons.webextension.screenshots@mozilla.org	WARN	Loading extension 'screenshots@mozilla.org': Reading manifest: Invalid host permission: resource://pdf.js/
1546823767495	addons.webextension.screenshots@mozilla.org	WARN	Loading extension 'screenshots@mozilla.org': Reading manifest: Invalid host permission: about:reader*
1546823768525	Marionette	INFO	Listening on port 51051
1546823769016	Marionette	WARN	TLS certificate errors will be ignored for this session
1546823800402	Marionette	INFO	Stopped listening on port 51051
[Parent 2212, Gecko_IOThread] WARNING: pipe error: 109: file z:/build/build/src/ipc/chromium/src/chrome/common/ipc_channel_win.cc, line 346
[Child 24856, Chrome_ChildThread] WARNING: pipe error: 109: file z:/build/build/src/ipc/chromium/src/chrome/common/ipc_channel_win.cc, line 346
[Child 24856, Chro[Parent 2212, Gecko_IOThread] WARNING: pipe error: 109: file z:/build/build/src/ipc/chromium/src/chrome/common/ipc_channel_win.cc, line 346
[Child 12984, Chrome_ChildThread] WARNING: pipe error: 109: file z:/build/build/src/ipc/chromium/src/chrome/common/ipc_channel_win.cc, line 346
[Child 12984, Chr
###!!! [Child][MessageChannel::SendAndWait] Error: Channel error: cannot send/recv

1546823818041	mozrunner::runner	INFO	Running command: "C:\\Program Files\\Mozilla Firefox\\firefox.exe" "-marionette" "-foreground" "-no-remote" "-profile" "C:\\Users\\dell\\AppData\\Local\\Temp\\rust_mozprofile.DmItVaYuyJSc"
1546823818832	addons.webextension.screenshots@mozilla.org	WARN	Loading extension 'screenshots@mozilla.org': Reading manifest: Invalid host permission: resource://pdf.js/
1546823818832	addons.webextension.screenshots@mozilla.org	WARN	Loading extension 'screenshots@mozilla.org': Reading manifest: Invalid host permission: about:reader*
1546823820007	Marionette	INFO	Listening on port 51142
1546823820351	Marionette	WARN	TLS certificate errors will be ignored for this session
1546823831691	Marionette	INFO	Stopped listening on port 51142
[Parent 3976, Gecko_IOThread] WARNING: pipe error: 109: file z:/build/build/src/ipc/chromium/src/chrome/common/ipc_channel_win.cc, line 346
[Parent 3976, Gecko_IOThread] WARNING: pipe error: 109: file z:/build/build/src/ipc/chromium/src/chrome/common/ipc_channel_win.cc, line 346
[Child 16988, Chrome_ChildThread] WARNING: pipe error: 109: file z:/build/build/src/ipc/chromium/src/chrome/common/ipc_channel_win.cc, line 346
[Child 16988, Chrome_ChildThread] W[Parent 3976, Gecko_IOThread] WARNING: pipe error: 109: file z:/build/build/src/ipc/chromium/src/chrome/common/ipc_channel_win.cc, line 346
[Child 22404, Chrome_ChildThread] WARNING: pipe error: 109: file z:/build/build/src/ipc/chromium/src/chrome/common/ipc_channel_win.cc, line 346
[Child 22404, Chrome_ChildThread] W[GPU 19472,
###!!! [Child][RunMessage] Error: Channel closing: too late to send/recv, messages will be lost


###!!! [Child][MessageChannel::SendAndWait] Error: Channel error: cannot send/recv

1546823836175	mozrunner::runner	INFO	Running command: "C:\\Program Files\\Mozilla Firefox\\firefox.exe" "-marionette" "-foreground" "-no-remote" "-profile" "C:\\Users\\dell\\AppData\\Local\\Temp\\rust_mozprofile.8DNGeVZEA7si"
1546823836779	addons.webextension.screenshots@mozilla.org	WARN	Loading extension 'screenshots@mozilla.org': Reading manifest: Invalid host permission: resource://pdf.js/
1546823836779	addons.webextension.screenshots@mozilla.org	WARN	Loading extension 'screenshots@mozilla.org': Reading manifest: Invalid host permission: about:reader*
1546823837926	Marionette	INFO	Listening on port 51211
1546823838305	Marionette	WARN	TLS certificate errors will be ignored for this session
1546823849345	Marionette	INFO	Stopped listening on port 51211
[Parent 10664, Gecko_IOThread] WARNING: pipe error: 109: file z:/build/build/src/ipc/chromium/src/chrome/common/ipc_channel_win.cc, line 346
[Child 21632, Chrome_ChildThread] WARNING: pipe error: 109: file z:/build/build/src/ipc/chromium/src/chrome/common/ipc_channel_win.cc, line 346
[Child 21632, Chrome_ChildThread] WARNING: pipe[Parent 10664, Gecko_IOThread] WARNING: pipe error: 109: file z:/build/build/src/ipc/chromium/src/chrome/common/ipc_channel_win.cc, line 346
[Child 18384, Chrome_ChildThread] WARNING: pipe error: 109: file z:/build/build/src/ipc/chromium/src/chrome/common/ipc_channel_win.cc, line 346
[Child 18384, Chrome_ChildThr[Parent 10664, Gecko_IOThread] WARNING: pipe error: 109: file z:/build/build/src/ipc/chromium/src/chrome/common/ipc_channel_win.cc, line 346
[Child 24124, Chrome_ChildThread] WARNING: pipe error: 109: file z:/build/build/src/ipc/chromium/src/chrome/common/ipc_channel_win.cc, line 346
[Child 24124, Chrome_[GPU
###!!! [Child][RunMessage] Error: Channel closing: too late to send/recv, messages will be lost


###!!! [Child][MessageChannel::SendAndWait] Error: Channel error: cannot send/recv

1546823854122	mozrunner::runner	INFO	Running command: "C:\\Program Files\\Mozilla Firefox\\firefox.exe" "-marionette" "-foreground" "-no-remote" "-profile" "C:\\Users\\dell\\AppData\\Local\\Temp\\rust_mozprofile.UexRbfkDsJ31"
1546823854722	addons.webextension.screenshots@mozilla.org	WARN	Loading extension 'screenshots@mozilla.org': Reading manifest: Invalid host permission: resource://pdf.js/
1546823854722	addons.webextension.screenshots@mozilla.org	WARN	Loading extension 'screenshots@mozilla.org': Reading manifest: Invalid host permission: about:reader*
1546823855841	Marionette	INFO	Listening on port 51271
1546823856253	Marionette	WARN	TLS certificate errors will be ignored for this session
1546824070354	Marionette	INFO	Stopped listening on port 51271
[Child 24224, Chrome_ChildThread] WARNING: pipe error: 109: file z:/build/build/src/ipc/chromium/src/chrome/common/ipc_channel_win.cc, line 346
[Child 24224, Chrome[Parent 10340, Gecko_IOThread] WARNING: pipe error: 109: file z:/build/build/src/ipc/chromium/src/chrome/common/ipc_channel_win.cc, line 346
[Parent 10340, Gecko_IOThread] WARNING: pipe error: 109: file z:/build/build/src/ipc/chromium/src/chrome/common/ipc_channel_win.cc, line 346
[Child 15864, Chrome_ChildThread] WARNING: pipe error: 109: file z:/build/build/src/ipc/chromium/src/chrome/common/ipc_channel_win.cc, line 346
[Child 15864, Chrome_ChildThread] WAR[GP
###!!! [Child][MessageChannel::SendAndWait] Error: Channel error: cannot send/recv

1546824138904	mozrunner::runner	INFO	Running command: "C:\\Program Files\\Mozilla Firefox\\firefox.exe" "-marionette" "-foreground" "-no-remote" "-profile" "C:\\Users\\dell\\AppData\\Local\\Temp\\rust_mozprofile.R4gcJtHnk6At"
1546824139619	addons.webextension.screenshots@mozilla.org	WARN	Loading extension 'screenshots@mozilla.org': Reading manifest: Invalid host permission: resource://pdf.js/
1546824139619	addons.webextension.screenshots@mozilla.org	WARN	Loading extension 'screenshots@mozilla.org': Reading manifest: Invalid host permission: about:reader*
1546824140824	Marionette	INFO	Listening on port 51582
1546824141131	Marionette	WARN	TLS certificate errors will be ignored for this session
1546824154121	Marionette	INFO	Stopped listening on port 51582
[Child 6692, Chrome_ChildThread] WARNING: pipe error: 109: file z:/build/build/src/ipc/chromium/src/chrome/common/ipc_channel_win.cc, line 346
[Child 6692, Chrome[Child 26368, Chrome_ChildThread] WARNING: pipe error: 109: file z:/build/build/src/ipc/chromium/src/chrome/common/ipc_channel_win.cc, line 346
[Child 26368, Chr[GPU 2245
###!!! [Child][RunMessage] Error: Channel closing: too late to send/recv, messages will be lost

6
###!!! [Child][MessageChannel::SendAndWait] Error: Channel error: cannot send/recv

1546824162566	mozrunner::runner	INFO	Running command: "C:\\Program Files\\Mozilla Firefox\\firefox.exe" "-marionette" "-foreground" "-no-remote" "-profile" "C:\\Users\\dell\\AppData\\Local\\Temp\\rust_mozprofile.sRyXsEz7jyWv"
1546824163150	addons.webextension.screenshots@mozilla.org	WARN	Loading extension 'screenshots@mozilla.org': Reading manifest: Invalid host permission: resource://pdf.js/
1546824163150	addons.webextension.screenshots@mozilla.org	WARN	Loading extension 'screenshots@mozilla.org': Reading manifest: Invalid host permission: about:reader*
1546824164225	Marionette	INFO	Listening on port 51655
1546824164695	Marionette	WARN	TLS certificate errors will be ignored for this session
console.error: BroadcastService: 
  receivedBroadcastMessage: handler for
  remote-settings/monitor_changes
  threw error:
  Message: Error: Polling for changes failed: NetworkError when attempting to fetch resource..
  Stack:
    remoteSettingsFunction/remoteSettings.pollChanges@resource://services-settings/remote-settings.js:750:13

[Parent 18344, Gecko_IOThread] WARNING: pipe error: 109: file z:/build/build/src/ipc/chromium/src/chrome/common/ipc_channel_win.cc, line 346
[Child 7716, Chrome_ChildThread] WARNING: pipe error: 109: file z:/build/build/src/ipc/chromium/src/chrome/common/ipc_channel_win.cc, line 346
[Child 7716, Chrom[Parent 18344, Gecko_IOThread] WARNING: pipe error: 109: file z:/build/build/src/ipc/chromium/src/chrome/common/ipc_channel_win.cc, line 346
[Child 22576, Chrome_ChildThread] WARNING: pipe error: 109: file z:/build/build/src/ipc/chromium/src/chrome/common/ipc_channel_win.cc, line 346
[Parent 18344, Gecko_IOThread] WARNING: pipe error: 109: file z:/build/build/src/ipc/chromium/src/chrome/common/ipc_channel_win.cc, line 346
1546828191600	Marionette	INFO	Stopped listening on port 51655

###!!! [Child][MessageChannel::SendAndWait] Error: Channel error: cannot send/recv

e=PLayerTransaction::Msg_ReleaseLayer) Channel error: cannot send/recv


###!!! [Child][MessageChannel] Error: (msgtype=0x510005,name=PLayerTransaction::Msg_ReleaseLayer) Channel error: cannot send/recv


###!!! [Child][MessageChannel] Error: (msgtype=0x510005,name=PLayerTransaction::Msg_ReleaseLayer) Channel error: cannot send/recv


###!!! [Child][MessageChannel] Error: (msgtype=0x51001E,name=PLayerTransaction::Msg_Shutdown) Channel error: cannot send/recv


###!!! [Child][MessageChannel::SendAndWait] Error: (msgtype=0x2C0016,name=PCompositorBridge::Msg_WillClose) Channel error: cannot send/recv


###!!! [Child][MessageChannel] Error: (msgtype=0x510004,name=PLayerTransaction::Msg_NewCompositable) Channel error: cannot send/recv


###!!! [Child][MessageChannel] Error: (msgtype=0x510004,name=PLayerTransaction::Msg_NewCompositable) Channel error: cannot send/recv


###!!! [Child][MessageChannel] Error: (msgtype=0x510004,name=PLayerTransaction::Msg_NewCompositable) Channel error: cannot send/recv


###!!! [Child][MessageChannel] Error: (msgtype=0x510004,name=PLayerTransaction::Msg_NewCompositable) Channel error: cannot send/recv


###!!! [Child][MessageChannel] Error: (msgtype=0x510004,name=PLayerTransaction::Msg_NewCompositable) Channel error: cannot send/recv


###!!! [Child][MessageChannel] Error: (msgtype=0x510004,name=PLayerTransaction::Msg_NewCompositable) Channel error: cannot send/recv


###!!! [Child][MessageChannel] Error: (msgtype=0x510004,name=PLayerTransaction::Msg_NewCompositable) Channel error: cannot send/recv


###!!! [Child][MessageChannel] Error: (msgtype=0x510004,name=PLayerTransaction::Msg_NewCompositable) Channel error: cannot send/recv


###!!! [Child][MessageChannel] Error: (msgtype=0x510004,name=PLayerTransaction::Msg_NewCompositable) Channel error: cannot send/recv


###!!! [Child][MessageChannel] Error: (msgtype=0x510004,name=PLayerTransaction::Msg_NewCompositable) Channel error: cannot send/recv


###!!! [Child][MessageChannel] Error: (msgtype=0x510004,name=PLayerTransaction::Msg_NewCompositable) Channel error: cannot send/recv


###!!! [Child][MessageChannel] Error: (msgtype=0x510004,name=PLayerTransaction::Msg_NewCompositable) Channel error: cannot send/recv


###!!! [Child][MessageChannel] Error: (msgtype=0x510004,name=PLayerTransaction::Msg_NewCompositable) Channel error: cannot send/recv


###!!! [Child][MessageChannel] Error: (msgtype=0x510004,name=PLayerTransaction::Msg_NewCompositable) Channel error: cannot send/recv


###!!! [Child][MessageChannel] Error: (msgtype=0x510001,name=PLayerTransaction::Msg_Update) Channel error: cannot send/recv


###!!! [Child][MessageChannel] Error: (msgtype=0x510006,name=PLayerTransaction::Msg_ReleaseCompositable) Channel error: cannot send/recv


###!!! [Child][MessageChannel] Error: (msgtype=0x510005,name=PLayerTransaction::Msg_ReleaseLayer) Channel error: cannot send/recv


###!!! [Child][MessageChannel] Error: (msgtype=0x510006,name=PLayerTransaction::Msg_ReleaseCompositable) Channel error: cannot send/recv


###!!! [Child][MessageChannel] Error: (msgtype=0x510005,name=PLayerTransaction::Msg_ReleaseLayer) Channel error: cannot send/recv


###!!! [Child][MessageChannel] Error: (msgtype=0x510006,name=PLayerTransaction::Msg_ReleaseCompositable) Channel error: cannot send/recv


###!!! [Child][MessageChannel] Error: (msgtype=0x510005,name=PLayerTransaction::Msg_ReleaseLayer) Channel error: cannot send/recv


###!!! [Child][MessageChannel] Error: (msgtype=0x510006,name=PLayerTransaction::Msg_ReleaseCompositable) Channel error: cannot send/recv


###!!! [Child][MessageChannel] Error: (msgtype=0x510005,name=PLayerTransaction::Msg_ReleaseLayer) Channel error: cannot send/recv


###!!! [Child][MessageChannel] Error: (msgtype=0x510006,name=PLayerTransaction::Msg_ReleaseCompositable) Channel error: cannot send/recv


###!!! [Child][MessageChannel] Error: (msgtype=0x510005,name=PLayerTransaction::Msg_ReleaseLayer) Channel error: cannot send/recv


###!!! [Child][MessageChannel] Error: (msgtype=0x510006,name=PLayerTransaction::Msg_ReleaseCompositable) Channel error: cannot send/recv


###!!! [Child][MessageChannel] Error: (msgtype=0x510005,name=PLayerTransaction::Msg_ReleaseLayer) Channel error: cannot send/recv


###!!! [Child][MessageChannel] Error: (msgtype=0x510006,name=PLayerTransaction::Msg_ReleaseCompositable) Channel error: cannot send/recv


###!!! [Child][MessageChannel] Error: (msgtype=0x510005,name=PLayerTransaction::Msg_ReleaseLayer) Channel error: cannot send/recv


###!!! [Child][MessageChannel] Error: (msgtype=0x510006,name=PLayerTransaction::Msg_ReleaseCompositable) Channel error: cannot send/recv


###!!! [Child][MessageChannel] Error: (msgtype=0x510005,name=PLayerTransaction::Msg_ReleaseLayer) Channel error: cannot send/recv


###!!! [Child][MessageChannel] Error: (msgtype=0x510006,name=PLayerTransaction::Msg_ReleaseCompositable) Channel error: cannot send/recv


###!!! [Child][MessageChannel] Error: (msgtype=0x510005,name=PLayerTransaction::Msg_ReleaseLayer) Channel error: cannot send/recv


###!!! [Child][MessageChannel] Error: (msgtype=0x510006,name=PLayerTransaction::Msg_ReleaseCompositable) Channel error: cannot send/recv


###!!! [Child][MessageChannel] Error: (msgtype=0x510005,name=PLayerTransaction::Msg_ReleaseLayer) Channel error: cannot send/recv


###!!! [Child][MessageChannel] Error: (msgtype=0x510006,name=PLayerTransaction::Msg_ReleaseCompositable) Channel error: cannot send/recv


###!!! [Child][MessageChannel] Error: (msgtype=0x510005,name=PLayerTransaction::Msg_ReleaseLayer) Channel error: cannot send/recv


###!!! [Child][MessageChannel] Error: (msgtype=0x510006,name=PLayerTransaction::Msg_ReleaseCompositable) Channel error: cannot send/recv


###!!! [Child][MessageChannel] Error: (msgtype=0x510005,name=PLayerTransaction::Msg_ReleaseLayer) Channel error: cannot send/recv


###!!! [Child][MessageChannel] Error: (msgtype=0x510006,name=PLayerTransaction::Msg_ReleaseCompositable) Channel error: cannot send/recv


###!!! [Child][MessageChannel] Error: (msgtype=0x510005,name=PLayerTransaction::Msg_ReleaseLayer) Channel error: cannot send/recv


###!!! [Child][MessageChannel] Error: (msgtype=0x510006,name=PLayerTransaction::Msg_ReleaseCompositable) Channel error: cannot send/recv


###!!! [Child][MessageChannel] Error: (msgtype=0x510005,name=PLayerTransaction::Msg_ReleaseLayer) Channel error: cannot send/recv

[GFX1-]: Receive IPC close with reason=AbnormalShutdown
1546829773386	mozrunner::runner	INFO	Running command: "C:\\Program Files\\Mozilla Firefox\\firefox.exe" "-marionette" "-foreground" "-no-remote" "-profile" "C:\\Users\\dell\\AppData\\Local\\Temp\\rust_mozprofile.jzDbTYw8tK7Y"
1546829774006	addons.webextension.screenshots@mozilla.org	WARN	Loading extension 'screenshots@mozilla.org': Reading manifest: Invalid host permission: resource://pdf.js/
1546829774006	addons.webextension.screenshots@mozilla.org	WARN	Loading extension 'screenshots@mozilla.org': Reading manifest: Invalid host permission: about:reader*
1546829775231	Marionette	INFO	Listening on port 56786
1546829775518	Marionette	WARN	TLS certificate errors will be ignored for this session

###!!! [Parent][MessageChannel] Error: (msgtype=0x45001A,name=PGPU::Msg_ShutdownVR) Channel error: cannot send/recv

[GFX1-]: Receive IPC close with reason=AbnormalShut[GFX1-]: Recedown
ive IPC close with reason=AbnormalShutdown

###!!! [Child][MessageChannel] Error: (msgtype=0x510015,name=PLayerTransaction::Msg_ClearCachedResources) Channel error: cannot send/recv


###!!! [Child][MessageChannel] Error: (msgtype=0x830003,name=PTexture::Msg_Destroy) Channel error: cannot send/recv


###!!! [Child][MessageChannel] Error: (msgtype=0x510006,name=PLayerTransaction::Msg_ReleaseCompositable) Channel error: cannot send/recv


###!!! [Child][MessageChannel] Error: (msgtype=0x510005,name=PLayerTransaction::Msg_ReleaseLayer) Channel error: cannot send/recv


###!!! [Child][MessageChannel] Error: (msgtype=0x510005,name=PLayerTransaction::Msg_ReleaseLayer) Channel error: cannot send/recv


###!!! [Child][MessageChannel] Error: (msgtype=0x510005,name=PLayerTransaction::Msg_ReleaseLayer) Channel error: cannot send/recv


###!!! [Child][MessageChannel] Error: (msgtype=0x51001E,name=PLayerTransaction::Msg_Shutdown) Channel error: cannot send/recv


###!!! [Child][MessageChannel::SendAndWait] Error: (msgtype=0x2C0016,name=PCompositorBridge::Msg_WillClose) Channel error: cannot send/recv

mium/src/chrome/common/ipc_channel_win.cc, line 346
[Child 7304, Chrome_
###!!! [Child][RunMessage] Error: Channel closing: too late to send/recv, messages will be lost

[GP
###!!! [Child][MessageChannel::SendAndWait] Error: Channel error: cannot send/recv

1546829790354	mozrunner::runner	INFO	Running command: "C:\\Program Files\\Mozilla Firefox\\firefox.exe" "-marionette" "-foreground" "-no-remote" "-profile" "C:\\Users\\dell\\AppData\\Local\\Temp\\rust_mozprofile.XZEdPdScPLRx"
1546829791044	addons.webextension.screenshots@mozilla.org	WARN	Loading extension 'screenshots@mozilla.org': Reading manifest: Invalid host permission: resource://pdf.js/
1546829791045	addons.webextension.screenshots@mozilla.org	WARN	Loading extension 'screenshots@mozilla.org': Reading manifest: Invalid host permission: about:reader*
1546829792365	Marionette	INFO	Listening on port 56900
1546829792490	Marionette	WARN	TLS certificate errors will be ignored for this session
[GFX1-]: Receive IPC close with reason=AbnormalShutdown
[GFX1-]: Receive IPC close with reason=AbnormalShutdown

###!!! [Child][MessageChannel] Error: (msgtype=0x510015,name=PLayerTransaction::Msg_ClearCachedResources) Channel error: cannot send/recv


###!!! [Child][MessageChannel] Error: (msgtype=0x830003,name=PTexture::Msg_Destroy) Channel error: cannot send/recv


###!!! [Child][MessageChannel] Error: (msgtype=0x510006,name=PLayerTransaction::Msg_ReleaseCompositable) Channel error: cannot send/recv


###!!! [Child][MessageChannel] Error: (msgtype=0x510005,name=PLayerTransaction::Msg_ReleaseLayer) Channel error: cannot send/recv


###!!! [Child][MessageChannel] Error: (msgtype=0x510005,name=PLayerTransaction::Msg_ReleaseLayer) Channel error: cannot send/recv


###!!! [Child][MessageChannel] Error: (msgtype=0x510005,name=PLayerTransaction::Msg_ReleaseLayer) Channel error: cannot send/recv


###!!! [Child][MessageChannel] Error: (msgtype=0x51001E,name=PLayerTransaction::Msg_Shutdown) Channel error: cannot send/recv


###!!! [Child][MessageChannel::SendAndWait] Error: (msgtype=0x2C0016,name=PCompositorBridge::Msg_WillClose) Channel error: cannot send/recv

[25744, Chrome_ChildThread] WARNING: failed to create pipe: 2: file z:/build/build/src/ipc/chromium/src/chrome/common/ipc_channel_win.cc, line 221
[25744, Chrome_ChildThread] WARNING: Unable to create pipe named "9076.27.1437665184\818655222" in client mode.: file z:/build/build/src/ipc/chromium/src/chrome/common/ipc_channel_win.cc, line 59

###!!! [Child][MessageChannel] Error: (msgtype=0xFFF7,name=<unknown IPC msg name>) Channel error: cannot send/recv

1546911570321	mozrunner::runner	INFO	Running command: "C:\\Program Files\\Mozilla Firefox\\firefox.exe" "-marionette" "-foreground" "-no-remote" "-profile" "C:\\Users\\dell\\AppData\\Local\\Temp\\rust_mozprofile.V9RIFJwr56ty"
1546911571888	addons.webextension.screenshots@mozilla.org	WARN	Loading extension 'screenshots@mozilla.org': Reading manifest: Invalid host permission: resource://pdf.js/
1546911571889	addons.webextension.screenshots@mozilla.org	WARN	Loading extension 'screenshots@mozilla.org': Reading manifest: Invalid host permission: about:reader*
1546911574737	Marionette	INFO	Listening on port 52087
1546911574788	Marionette	WARN	TLS certificate errors will be ignored for this session
1546911583356	mozrunner::runner	INFO	Running command: "C:\\Program Files\\Mozilla Firefox\\firefox.exe" "-marionette" "-foreground" "-no-remote" "-profile" "C:\\Users\\dell\\AppData\\Local\\Temp\\rust_mozprofile.qrrkT01LWura"
1546911584207	addons.webextension.screenshots@mozilla.org	WARN	Loading extension 'screenshots@mozilla.org': Reading manifest: Invalid host permission: resource://pdf.js/
1546911584208	addons.webextension.screenshots@mozilla.org	WARN	Loading extension 'screenshots@mozilla.org': Reading manifest: Invalid host permission: about:reader*
1546911585432	Marionette	INFO	Listening on port 52148
1546911585489	Marionette	WARN	TLS certificate errors will be ignored for this session
ium/src/chrome/common/ipc_channel_win.cc, line 346
[Child 6932, Chrome_ChildThread] WARNING: pipe error: 109: file z:/build/build/src/ipc/chromium/src/chrome/common/ipc_channel_win.cc, line 346
[Child 6932, Chrome_ChildT1546911581079	Marionette	INFO	Stopped listening on port 52087
[G
###!!! [Child][RunMessage] Error: Channel closing: too late to send/recv, messages will be lost


###!!! [Child][MessageChannel::SendAndWait] Error: Channel error: cannot send/recv

